<?xml version="1.0" encoding="UTF-8"?>
<testng-results ignored="0" total="1" passed="1" failed="0" skipped="0">
  <reporter-output>
  </reporter-output>
  <suite started-at="2022-10-11T11:18:53 IST" name="Default suite" finished-at="2022-10-11T11:18:53 IST" duration-ms="104">
    <groups>
    </groups>
    <test started-at="2022-10-11T11:18:53 IST" name="Default test" finished-at="2022-10-11T11:18:53 IST" duration-ms="104">
      <class name="Demo1.TestNg">
        <test-method signature="CreateReport()[pri:0, instance:Demo1.TestNg@581ac8a8]" started-at="2022-10-11T11:18:53 IST" name="CreateReport" finished-at="2022-10-11T11:18:53 IST" duration-ms="16" status="PASS">
          <reporter-output>
          </reporter-output>
        </test-method> <!-- CreateReport -->
      </class> <!-- Demo1.TestNg -->
    </test> <!-- Default test -->
  </suite> <!-- Default suite -->
</testng-results>
